<?xml version="1.0" encoding="UTF-8"?>
<!-- Generated by org.testng.reporters.JUnitReportReporter -->
<testsuite hostname="EC2AMAZ-S11DBRH" failures="0" tests="2" name="runners.MyTestrunner" time="0.315" errors="0" timestamp="2023-08-25T06:51:54 GMT" skipped="0">
  <testcase classname="runners.MyTestrunner" name="runScenario" time="0.290"/>
  <system-out/>
  <testcase classname="runners.MyTestrunner" name="runScenario" time="0.025"/>
  <system-out/>
</testsuite> <!-- runners.MyTestrunner -->
